<?xml version="1.0" encoding="utf-8" standalone="no"?>
<!--This file represents the results of running a test suite-->
<test-results name="D:\VsProjects\Util\Util.Test\bin\Debug\Util.Test.dll" total="1" errors="0" failures="1" not-run="0" inconclusive="0" ignored="0" skipped="0" invalid="0" date="2012-04-06" time="10:21:37">
  <environment nunit-version="2.5.10.11092" clr-version="2.0.50727.4963" os-version="Microsoft Windows NT 6.1.7600.0" platform="Win32NT" cwd="D:\Program Files (x86)\Nunit\bin\net-2.0" machine-name="WS0210" user="Robert" user-domain="OMNICARE" />
  <culture-info current-culture="en-US" current-uiculture="en-US" />
  <test-suite type="Assembly" name="D:\VsProjects\Util\Util.Test\bin\Debug\Util.Test.dll" executed="True" result="Failure" success="False" time="1.229" asserts="0">
    <results>
      <test-suite type="Namespace" name="Util" executed="True" result="Failure" success="False" time="1.198" asserts="0">
        <results>
          <test-suite type="Namespace" name="Test" executed="True" result="Failure" success="False" time="1.198" asserts="0">
            <results>
              <test-suite type="TestFixture" name="Class1" executed="True" result="Failure" success="False" time="1.193" asserts="0">
                <results>
                  <test-case name="Util.Test.Class1.TestProduct" executed="True" result="Failure" success="False" time="1.134" asserts="1">
                    <failure>
                      <message><![CDATA[  Expected: 3
  But was:  4
]]></message>
                      <stack-trace><![CDATA[at Util.Test.Class1.TestProduct() in D:\VsProjects\Util\Util.Test\Class1.cs:line 17
]]></stack-trace>
                    </failure>
                  </test-case>
                </results>
              </test-suite>
            </results>
          </test-suite>
        </results>
      </test-suite>
    </results>
  </test-suite>
</test-results>